<?xml version="1.0" encoding="UTF-8"?>
<coverage generated="1628414750814" clover="3.2.0">
  <project timestamp="1628414750814" name="All files">
    <metrics statements="54" coveredstatements="54" conditionals="6" coveredconditionals="5" methods="20" coveredmethods="20" elements="80" coveredelements="79" complexity="0" loc="54" ncloc="54" packages="1" files="2" classes="2"/>
    <file name="index.js" path="/home/mityadem/frontend-testing-react-project-lvl1/src/index.js">
      <metrics statements="43" coveredstatements="43" conditionals="1" coveredconditionals="0" methods="16" coveredmethods="16"/>
      <line num="12" count="1" type="stmt"/>
      <line num="15" count="1" type="stmt"/>
      <line num="23" count="1" type="stmt"/>
      <line num="24" count="8" type="stmt"/>
      <line num="25" count="8" type="stmt"/>
      <line num="26" count="8" type="stmt"/>
      <line num="27" count="24" type="stmt"/>
      <line num="29" count="36" type="stmt"/>
      <line num="30" count="36" type="stmt"/>
      <line num="31" count="36" type="stmt"/>
      <line num="32" count="36" type="stmt"/>
      <line num="34" count="24" type="stmt"/>
      <line num="35" count="24" type="stmt"/>
      <line num="36" count="24" type="stmt"/>
      <line num="37" count="24" type="stmt"/>
      <line num="38" count="24" type="stmt"/>
      <line num="42" count="8" type="stmt"/>
      <line num="45" count="1" type="stmt"/>
      <line num="49" count="20" type="stmt"/>
      <line num="51" count="19" type="stmt"/>
      <line num="52" count="19" type="stmt"/>
      <line num="57" count="10" type="stmt"/>
      <line num="58" count="10" type="stmt"/>
      <line num="59" count="10" type="stmt"/>
      <line num="60" count="10" type="stmt"/>
      <line num="61" count="10" type="stmt"/>
      <line num="62" count="10" type="stmt"/>
      <line num="63" count="10" type="stmt"/>
      <line num="64" count="10" type="stmt"/>
      <line num="65" count="10" type="stmt"/>
      <line num="68" count="10" type="stmt"/>
      <line num="70" count="8" type="stmt"/>
      <line num="71" count="8" type="stmt"/>
      <line num="72" count="8" type="stmt"/>
      <line num="73" count="8" type="stmt"/>
      <line num="76" count="5" type="stmt"/>
      <line num="77" count="5" type="stmt"/>
      <line num="80" count="5" type="stmt"/>
      <line num="81" count="20" type="stmt"/>
      <line num="82" count="20" type="stmt"/>
      <line num="84" count="5" type="stmt"/>
      <line num="86" count="5" type="stmt"/>
      <line num="88" count="10" type="stmt"/>
    </file>
    <file name="utils.js" path="/home/mityadem/frontend-testing-react-project-lvl1/src/utils.js">
      <metrics statements="11" coveredstatements="11" conditionals="5" coveredconditionals="5" methods="4" coveredmethods="4"/>
      <line num="3" count="44" type="cond" truecount="1" falsecount="0"/>
      <line num="4" count="412" type="stmt"/>
      <line num="7" count="1" type="cond" truecount="1" falsecount="0"/>
      <line num="8" count="34" type="stmt"/>
      <line num="9" count="34" type="stmt"/>
      <line num="10" count="34" type="cond" truecount="2" falsecount="0"/>
      <line num="11" count="34" type="stmt"/>
      <line num="14" count="1" type="cond" truecount="1" falsecount="0"/>
      <line num="15" count="10" type="stmt"/>
      <line num="16" count="10" type="stmt"/>
      <line num="17" count="10" type="stmt"/>
    </file>
  </project>
</coverage>
