{"/home/mityadem/frontend-testing-react-project-lvl1/src/index.js": {"path":"/home/mityadem/frontend-testing-react-project-lvl1/src/index.js","statementMap":{"0":{"start":{"line":12,"column":12},"end":{"line":12,"column":32}},"1":{"start":{"line":15,"column":25},"end":{"line":19,"column":1}},"2":{"start":{"line":23,"column":22},"end":{"line":43,"column":1}},"3":{"start":{"line":24,"column":12},"end":{"line":24,"column":57}},"4":{"start":{"line":25,"column":17},"end":{"line":25,"column":19}},"5":{"start":{"line":26,"column":2},"end":{"line":40,"column":5}},"6":{"start":{"line":27,"column":22},"end":{"line":27,"column":42}},"7":{"start":{"line":29,"column":29},"end":{"line":32,"column":50}},"8":{"start":{"line":29,"column":56},"end":{"line":29,"column":66}},"9":{"start":{"line":30,"column":28},"end":{"line":30,"column":51}},"10":{"start":{"line":31,"column":26},"end":{"line":31,"column":86}},"11":{"start":{"line":32,"column":27},"end":{"line":32,"column":49}},"12":{"start":{"line":34,"column":4},"end":{"line":39,"column":7}},"13":{"start":{"line":35,"column":19},"end":{"line":35,"column":66}},"14":{"start":{"line":36,"column":23},"end":{"line":36,"column":51}},"15":{"start":{"line":37,"column":6},"end":{"line":37,"column":43}},"16":{"start":{"line":38,"column":6},"end":{"line":38,"column":40}},"17":{"start":{"line":42,"column":2},"end":{"line":42,"column":36}},"18":{"start":{"line":45,"column":22},"end":{"line":54,"column":1}},"19":{"start":{"line":49,"column":2},"end":{"line":53,"column":6}},"20":{"start":{"line":51,"column":23},"end":{"line":51,"column":51}},"21":{"start":{"line":52,"column":6},"end":{"line":52,"column":51}},"22":{"start":{"line":57,"column":2},"end":{"line":57,"column":22}},"23":{"start":{"line":58,"column":2},"end":{"line":58,"column":31}},"24":{"start":{"line":59,"column":14},"end":{"line":59,"column":30}},"25":{"start":{"line":60,"column":15},"end":{"line":60,"column":47}},"26":{"start":{"line":61,"column":19},"end":{"line":61,"column":38}},"27":{"start":{"line":62,"column":28},"end":{"line":62,"column":70}},"28":{"start":{"line":63,"column":29},"end":{"line":63,"column":67}},"29":{"start":{"line":64,"column":24},"end":{"line":64,"column":42}},"30":{"start":{"line":65,"column":34},"end":{"line":65,"column":77}},"31":{"start":{"line":68,"column":18},"end":{"line":86,"column":51}},"32":{"start":{"line":70,"column":6},"end":{"line":70,"column":69}},"33":{"start":{"line":71,"column":6},"end":{"line":71,"column":82}},"34":{"start":{"line":72,"column":6},"end":{"line":73,"column":56}},"35":{"start":{"line":73,"column":21},"end":{"line":73,"column":54}},"36":{"start":{"line":76,"column":6},"end":{"line":76,"column":49}},"37":{"start":{"line":77,"column":6},"end":{"line":77,"column":57}},"38":{"start":{"line":80,"column":20},"end":{"line":83,"column":8}},"39":{"start":{"line":81,"column":8},"end":{"line":81,"column":59}},"40":{"start":{"line":82,"column":8},"end":{"line":82,"column":75}},"41":{"start":{"line":84,"column":6},"end":{"line":84,"column":32}},"42":{"start":{"line":86,"column":17},"end":{"line":86,"column":49}},"43":{"start":{"line":88,"column":2},"end":{"line":88,"column":17}}},"fnMap":{"0":{"name":"(anonymous_0)","decl":{"start":{"line":23,"column":22},"end":{"line":23,"column":23}},"loc":{"start":{"line":23,"column":54},"end":{"line":43,"column":1}},"line":23},"1":{"name":"(anonymous_1)","decl":{"start":{"line":26,"column":43},"end":{"line":26,"column":44}},"loc":{"start":{"line":26,"column":68},"end":{"line":40,"column":3}},"line":26},"2":{"name":"(anonymous_2)","decl":{"start":{"line":29,"column":43},"end":{"line":29,"column":44}},"loc":{"start":{"line":29,"column":56},"end":{"line":29,"column":66}},"line":29},"3":{"name":"(anonymous_3)","decl":{"start":{"line":30,"column":14},"end":{"line":30,"column":15}},"loc":{"start":{"line":30,"column":28},"end":{"line":30,"column":51}},"line":30},"4":{"name":"(anonymous_4)","decl":{"start":{"line":31,"column":11},"end":{"line":31,"column":12}},"loc":{"start":{"line":31,"column":26},"end":{"line":31,"column":86}},"line":31},"5":{"name":"(anonymous_5)","decl":{"start":{"line":32,"column":14},"end":{"line":32,"column":15}},"loc":{"start":{"line":32,"column":27},"end":{"line":32,"column":49}},"line":32},"6":{"name":"(anonymous_6)","decl":{"start":{"line":34,"column":29},"end":{"line":34,"column":30}},"loc":{"start":{"line":34,"column":52},"end":{"line":39,"column":5}},"line":34},"7":{"name":"(anonymous_7)","decl":{"start":{"line":45,"column":22},"end":{"line":45,"column":23}},"loc":{"start":{"line":49,"column":2},"end":{"line":53,"column":6}},"line":49},"8":{"name":"(anonymous_8)","decl":{"start":{"line":50,"column":10},"end":{"line":50,"column":11}},"loc":{"start":{"line":50,"column":24},"end":{"line":53,"column":5}},"line":50},"9":{"name":"(anonymous_9)","decl":{"start":{"line":56,"column":15},"end":{"line":56,"column":16}},"loc":{"start":{"line":56,"column":48},"end":{"line":89,"column":1}},"line":56},"10":{"name":"(anonymous_10)","decl":{"start":{"line":69,"column":10},"end":{"line":69,"column":11}},"loc":{"start":{"line":69,"column":24},"end":{"line":74,"column":5}},"line":69},"11":{"name":"(anonymous_11)","decl":{"start":{"line":73,"column":15},"end":{"line":73,"column":16}},"loc":{"start":{"line":73,"column":21},"end":{"line":73,"column":54}},"line":73},"12":{"name":"(anonymous_12)","decl":{"start":{"line":75,"column":10},"end":{"line":75,"column":11}},"loc":{"start":{"line":75,"column":16},"end":{"line":78,"column":5}},"line":75},"13":{"name":"(anonymous_13)","decl":{"start":{"line":79,"column":10},"end":{"line":79,"column":11}},"loc":{"start":{"line":79,"column":16},"end":{"line":85,"column":5}},"line":79},"14":{"name":"(anonymous_14)","decl":{"start":{"line":80,"column":36},"end":{"line":80,"column":37}},"loc":{"start":{"line":80,"column":47},"end":{"line":83,"column":7}},"line":80},"15":{"name":"(anonymous_15)","decl":{"start":{"line":86,"column":10},"end":{"line":86,"column":11}},"loc":{"start":{"line":86,"column":17},"end":{"line":86,"column":49}},"line":86}},"branchMap":{"0":{"loc":{"start":{"line":56,"column":25},"end":{"line":56,"column":43}},"type":"default-arg","locations":[{"start":{"line":56,"column":41},"end":{"line":56,"column":43}}],"line":56}},"s":{"0":1,"1":1,"2":1,"3":8,"4":8,"5":8,"6":24,"7":24,"8":36,"9":36,"10":36,"11":36,"12":24,"13":24,"14":24,"15":24,"16":24,"17":8,"18":1,"19":20,"20":19,"21":19,"22":10,"23":10,"24":10,"25":10,"26":10,"27":10,"28":10,"29":10,"30":10,"31":10,"32":8,"33":8,"34":8,"35":8,"36":5,"37":5,"38":5,"39":20,"40":20,"41":5,"42":5,"43":10},"f":{"0":8,"1":24,"2":36,"3":36,"4":36,"5":36,"6":24,"7":20,"8":19,"9":10,"10":8,"11":8,"12":5,"13":5,"14":20,"15":5},"b":{"0":[0]},"_coverageSchema":"1a1c01bbd47fc00a2c39e90264f33305004495a9","hash":"eb193672504b67146ce041a08f41f4570e5e146b"}
,"/home/mityadem/frontend-testing-react-project-lvl1/src/utils.js": {"path":"/home/mityadem/frontend-testing-react-project-lvl1/src/utils.js","statementMap":{"0":{"start":{"line":3,"column":20},"end":{"line":5,"column":17}},"1":{"start":{"line":3,"column":46},"end":{"line":5,"column":17}},"2":{"start":{"line":4,"column":17},"end":{"line":4,"column":18}},"3":{"start":{"line":7,"column":29},"end":{"line":12,"column":1}},"4":{"start":{"line":8,"column":29},"end":{"line":8,"column":45}},"5":{"start":{"line":9,"column":15},"end":{"line":9,"column":48}},"6":{"start":{"line":10,"column":17},"end":{"line":10,"column":37}},"7":{"start":{"line":11,"column":2},"end":{"line":11,"column":28}},"8":{"start":{"line":14,"column":28},"end":{"line":18,"column":1}},"9":{"start":{"line":15,"column":29},"end":{"line":15,"column":45}},"10":{"start":{"line":16,"column":15},"end":{"line":16,"column":53}},"11":{"start":{"line":17,"column":2},"end":{"line":17,"column":29}}},"fnMap":{"0":{"name":"(anonymous_0)","decl":{"start":{"line":3,"column":20},"end":{"line":3,"column":21}},"loc":{"start":{"line":3,"column":46},"end":{"line":5,"column":17}},"line":3},"1":{"name":"(anonymous_1)","decl":{"start":{"line":4,"column":10},"end":{"line":4,"column":11}},"loc":{"start":{"line":4,"column":17},"end":{"line":4,"column":18}},"line":4},"2":{"name":"(anonymous_2)","decl":{"start":{"line":7,"column":29},"end":{"line":7,"column":30}},"loc":{"start":{"line":7,"column":64},"end":{"line":12,"column":1}},"line":7},"3":{"name":"(anonymous_3)","decl":{"start":{"line":14,"column":28},"end":{"line":14,"column":29}},"loc":{"start":{"line":14,"column":58},"end":{"line":18,"column":1}},"line":14}},"branchMap":{"0":{"loc":{"start":{"line":3,"column":27},"end":{"line":3,"column":41}},"type":"default-arg","locations":[{"start":{"line":3,"column":38},"end":{"line":3,"column":41}}],"line":3},"1":{"loc":{"start":{"line":7,"column":36},"end":{"line":7,"column":59}},"type":"default-arg","locations":[{"start":{"line":7,"column":52},"end":{"line":7,"column":59}}],"line":7},"2":{"loc":{"start":{"line":10,"column":17},"end":{"line":10,"column":37}},"type":"binary-expr","locations":[{"start":{"line":10,"column":17},"end":{"line":10,"column":20}},{"start":{"line":10,"column":24},"end":{"line":10,"column":37}}],"line":10},"3":{"loc":{"start":{"line":14,"column":35},"end":{"line":14,"column":53}},"type":"default-arg","locations":[{"start":{"line":14,"column":45},"end":{"line":14,"column":53}}],"line":14}},"s":{"0":1,"1":44,"2":412,"3":1,"4":34,"5":34,"6":34,"7":34,"8":1,"9":10,"10":10,"11":10},"f":{"0":44,"1":412,"2":34,"3":10},"b":{"0":[44],"1":[34],"2":[34,16],"3":[10]},"_coverageSchema":"1a1c01bbd47fc00a2c39e90264f33305004495a9","hash":"39c4cc664b5170e8cb24dde0c2d460f84f87df17"}
}
