TN:
SF:src/index.js
FN:23,(anonymous_0)
FN:26,(anonymous_1)
FN:29,(anonymous_2)
FN:30,(anonymous_3)
FN:31,(anonymous_4)
FN:32,(anonymous_5)
FN:34,(anonymous_6)
FN:45,(anonymous_7)
FN:50,(anonymous_8)
FN:56,(anonymous_9)
FN:69,(anonymous_10)
FN:73,(anonymous_11)
FN:75,(anonymous_12)
FN:79,(anonymous_13)
FN:80,(anonymous_14)
FN:86,(anonymous_15)
FNF:16
FNH:16
FNDA:8,(anonymous_0)
FNDA:24,(anonymous_1)
FNDA:36,(anonymous_2)
FNDA:36,(anonymous_3)
FNDA:36,(anonymous_4)
FNDA:36,(anonymous_5)
FNDA:24,(anonymous_6)
FNDA:20,(anonymous_7)
FNDA:19,(anonymous_8)
FNDA:10,(anonymous_9)
FNDA:8,(anonymous_10)
FNDA:8,(anonymous_11)
FNDA:5,(anonymous_12)
FNDA:5,(anonymous_13)
FNDA:20,(anonymous_14)
FNDA:5,(anonymous_15)
DA:12,1
DA:15,1
DA:23,1
DA:24,8
DA:25,8
DA:26,8
DA:27,24
DA:29,36
DA:30,36
DA:31,36
DA:32,36
DA:34,24
DA:35,24
DA:36,24
DA:37,24
DA:38,24
DA:42,8
DA:45,1
DA:49,20
DA:51,19
DA:52,19
DA:57,10
DA:58,10
DA:59,10
DA:60,10
DA:61,10
DA:62,10
DA:63,10
DA:64,10
DA:65,10
DA:68,10
DA:70,8
DA:71,8
DA:72,8
DA:73,8
DA:76,5
DA:77,5
DA:80,5
DA:81,20
DA:82,20
DA:84,5
DA:86,5
DA:88,10
LF:43
LH:43
BRDA:56,0,0,0
BRF:1
BRH:0
end_of_record
TN:
SF:src/utils.js
FN:3,(anonymous_0)
FN:4,(anonymous_1)
FN:7,(anonymous_2)
FN:14,(anonymous_3)
FNF:4
FNH:4
FNDA:44,(anonymous_0)
FNDA:412,(anonymous_1)
FNDA:34,(anonymous_2)
FNDA:10,(anonymous_3)
DA:3,44
DA:4,412
DA:7,1
DA:8,34
DA:9,34
DA:10,34
DA:11,34
DA:14,1
DA:15,10
DA:16,10
DA:17,10
LF:11
LH:11
BRDA:3,0,0,44
BRDA:7,1,0,34
BRDA:10,2,0,34
BRDA:10,2,1,16
BRDA:14,3,0,10
BRF:5
BRH:5
end_of_record
